mode: set
github.com/yildizozan/gandalf/cmd/detector/analyse_headers.go:9.77,11.28 1 0
github.com/yildizozan/gandalf/cmd/detector/analyse_headers.go:25.2,25.12 1 0
github.com/yildizozan/gandalf/cmd/detector/analyse_headers.go:11.28,12.29 1 0
github.com/yildizozan/gandalf/cmd/detector/analyse_headers.go:18.3,19.29 2 0
github.com/yildizozan/gandalf/cmd/detector/analyse_headers.go:12.29,13.15 1 0
github.com/yildizozan/gandalf/cmd/detector/analyse_headers.go:13.16,15.5 0 0
github.com/yildizozan/gandalf/cmd/detector/analyse_headers.go:19.29,20.27 1 0
github.com/yildizozan/gandalf/cmd/detector/analyse_headers.go:20.27,22.5 1 0
github.com/yildizozan/gandalf/cmd/detector/analyse_ip.go:8.67,13.36 2 1
github.com/yildizozan/gandalf/cmd/detector/analyse_ip.go:20.2,20.36 1 1
github.com/yildizozan/gandalf/cmd/detector/analyse_ip.go:27.2,27.12 1 0
github.com/yildizozan/gandalf/cmd/detector/analyse_ip.go:13.36,14.14 1 1
github.com/yildizozan/gandalf/cmd/detector/analyse_ip.go:14.14,17.4 2 1
github.com/yildizozan/gandalf/cmd/detector/analyse_ip.go:20.36,21.14 1 1
github.com/yildizozan/gandalf/cmd/detector/analyse_ip.go:21.14,24.4 2 1
github.com/yildizozan/gandalf/cmd/detector/analyse_path.go:9.66,11.28 1 0
github.com/yildizozan/gandalf/cmd/detector/analyse_path.go:20.2,20.27 1 0
github.com/yildizozan/gandalf/cmd/detector/analyse_path.go:27.2,27.27 1 0
github.com/yildizozan/gandalf/cmd/detector/analyse_path.go:34.2,34.13 1 0
github.com/yildizozan/gandalf/cmd/detector/analyse_path.go:11.28,13.13 2 0
github.com/yildizozan/gandalf/cmd/detector/analyse_path.go:13.13,16.4 2 0
github.com/yildizozan/gandalf/cmd/detector/analyse_path.go:20.27,21.50 1 0
github.com/yildizozan/gandalf/cmd/detector/analyse_path.go:21.50,24.4 2 0
github.com/yildizozan/gandalf/cmd/detector/analyse_path.go:27.27,28.52 1 0
github.com/yildizozan/gandalf/cmd/detector/analyse_path.go:28.52,31.4 2 0
github.com/yildizozan/gandalf/cmd/detector/analyse_query.go:7.53,10.38 2 1
github.com/yildizozan/gandalf/cmd/detector/analyse_query.go:15.2,15.18 1 1
github.com/yildizozan/gandalf/cmd/detector/analyse_query.go:10.38,13.3 2 1
github.com/yildizozan/gandalf/cmd/detector/analyse_query_string.go:8.55,11.31 2 0
github.com/yildizozan/gandalf/cmd/detector/analyse_query_string.go:22.2,22.14 1 0
github.com/yildizozan/gandalf/cmd/detector/analyse_query_string.go:11.31,13.32 2 0
github.com/yildizozan/gandalf/cmd/detector/analyse_query_string.go:13.32,14.54 1 0
github.com/yildizozan/gandalf/cmd/detector/analyse_query_string.go:14.54,17.5 2 0
github.com/yildizozan/gandalf/cmd/detector/detector.go:23.38,42.2 14 0
github.com/yildizozan/gandalf/cmd/detector/misc.go:5.43,8.38 2 1
github.com/yildizozan/gandalf/cmd/detector/misc.go:12.2,12.14 1 1
github.com/yildizozan/gandalf/cmd/detector/misc.go:8.38,10.3 1 1
github.com/yildizozan/gandalf/cmd/adaptor/adaptor.go:29.73,31.2 1 0
github.com/yildizozan/gandalf/cmd/adaptor/adaptor.go:49.65,50.40 1 1
github.com/yildizozan/gandalf/cmd/adaptor/adaptor.go:50.40,64.49 12 1
github.com/yildizozan/gandalf/cmd/adaptor/adaptor.go:74.3,77.17 4 1
github.com/yildizozan/gandalf/cmd/adaptor/adaptor.go:82.3,89.33 6 1
github.com/yildizozan/gandalf/cmd/adaptor/adaptor.go:98.3,98.23 1 1
github.com/yildizozan/gandalf/cmd/adaptor/adaptor.go:108.3,108.20 1 1
github.com/yildizozan/gandalf/cmd/adaptor/adaptor.go:64.49,67.14 3 1
github.com/yildizozan/gandalf/cmd/adaptor/adaptor.go:68.29,69.56 1 1
github.com/yildizozan/gandalf/cmd/adaptor/adaptor.go:70.12,71.20 1 1
github.com/yildizozan/gandalf/cmd/adaptor/adaptor.go:77.17,81.4 3 0
github.com/yildizozan/gandalf/cmd/adaptor/adaptor.go:89.33,90.39 1 1
github.com/yildizozan/gandalf/cmd/adaptor/adaptor.go:94.4,94.25 1 1
github.com/yildizozan/gandalf/cmd/adaptor/adaptor.go:90.39,92.5 1 0
github.com/yildizozan/gandalf/cmd/adaptor/adaptor.go:94.25,96.5 1 1
github.com/yildizozan/gandalf/cmd/adaptor/adaptor.go:98.23,103.25 2 1
github.com/yildizozan/gandalf/cmd/adaptor/adaptor.go:106.4,106.91 1 1
github.com/yildizozan/gandalf/cmd/adaptor/adaptor.go:103.25,105.5 1 1
github.com/yildizozan/gandalf/cmd/adaptor/adaptor.go:116.51,117.19 1 1
github.com/yildizozan/gandalf/cmd/adaptor/adaptor.go:120.2,122.15 3 1
github.com/yildizozan/gandalf/cmd/adaptor/adaptor.go:117.19,119.3 1 1
github.com/yildizozan/gandalf/cmd/adaptor/adaptor.go:125.37,128.2 2 1
github.com/yildizozan/gandalf/cmd/adaptor/adaptor.go:136.50,137.23 1 1
github.com/yildizozan/gandalf/cmd/adaptor/adaptor.go:140.2,140.21 1 1
github.com/yildizozan/gandalf/cmd/adaptor/adaptor.go:137.23,139.3 1 1
github.com/yildizozan/gandalf/cmd/adaptor/adaptor.go:143.54,144.16 1 1
github.com/yildizozan/gandalf/cmd/adaptor/adaptor.go:147.2,147.12 1 1
github.com/yildizozan/gandalf/cmd/adaptor/adaptor.go:144.16,146.3 1 1
github.com/yildizozan/gandalf/cmd/adaptor/adaptor.go:150.61,152.2 1 1
github.com/yildizozan/gandalf/cmd/adaptor/adaptor.go:154.62,157.2 2 1
